2025-06-03T11:09:40.950+05:30  INFO 94728 --- [lucidity-circuitbreaker] [main] .g.l.LucidityCircuitbreakerApplicationKt : Starting LucidityCircuitbreakerApplicationKt using Java 17.0.15 with PID 94728 (C:\code-base\lucidity-circuitbreaker\build\classes\kotlin\main started by lgane in C:\code-base\lucidity-circuitbreaker)
2025-06-03T11:09:40.957+05:30 DEBUG 94728 --- [lucidity-circuitbreaker] [main] .g.l.LucidityCircuitbreakerApplicationKt : Running with Spring Boot v3.4.6, Spring v6.2.7
2025-06-03T11:09:40.958+05:30  INFO 94728 --- [lucidity-circuitbreaker] [main] .g.l.LucidityCircuitbreakerApplicationKt : No active profile set, falling back to 1 default profile: "default"
2025-06-03T11:09:41.727+05:30  INFO 94728 --- [lucidity-circuitbreaker] [main] .s.d.r.c.RepositoryConfigurationDelegate : Bootstrapping Spring Data JDBC repositories in DEFAULT mode.
2025-06-03T11:09:41.758+05:30  INFO 94728 --- [lucidity-circuitbreaker] [main] .s.d.r.c.RepositoryConfigurationDelegate : Finished Spring Data repository scanning in 27 ms. Found 1 JDBC repository interface.
2025-06-03T11:09:41.924+05:30  INFO 94728 --- [lucidity-circuitbreaker] [main] o.s.cloud.context.scope.GenericScope     : BeanFactory id=a14a419e-ff8a-3880-850a-30f5f47959c1
2025-06-03T11:09:42.143+05:30  INFO 94728 --- [lucidity-circuitbreaker] [main] o.s.b.w.embedded.tomcat.TomcatWebServer  : Tomcat initialized with port 8080 (http)
2025-06-03T11:09:42.151+05:30  INFO 94728 --- [lucidity-circuitbreaker] [main] o.apache.catalina.core.StandardService   : Starting service [Tomcat]
2025-06-03T11:09:42.151+05:30  INFO 94728 --- [lucidity-circuitbreaker] [main] o.apache.catalina.core.StandardEngine    : Starting Servlet engine: [Apache Tomcat/10.1.41]
2025-06-03T11:09:42.190+05:30  INFO 94728 --- [lucidity-circuitbreaker] [main] o.a.c.c.C.[Tomcat].[localhost].[/]       : Initializing Spring embedded WebApplicationContext
2025-06-03T11:09:42.191+05:30  INFO 94728 --- [lucidity-circuitbreaker] [main] w.s.c.ServletWebServerApplicationContext : Root WebApplicationContext: initialization completed in 1187 ms
2025-06-03T11:09:42.312+05:30  INFO 94728 --- [lucidity-circuitbreaker] [main] c.g.l.config.RuntimeConfigManager        : RuntimeConfigurationManager initialized with values from application.yml {operationTimeDelay=3000, isRandomErrorEnabled=false, timeDelayEnabled=false, currentCB=TimeCB, errorRate=0.5}
2025-06-03T11:09:42.344+05:30  INFO 94728 --- [lucidity-circuitbreaker] [main] com.zaxxer.hikari.HikariDataSource       : HikariPool-1 - Starting...
2025-06-03T11:09:42.492+05:30  INFO 94728 --- [lucidity-circuitbreaker] [main] com.zaxxer.hikari.pool.HikariPool        : HikariPool-1 - Added connection conn0: url=jdbc:h2:file:./data/testdb2 user=ADMIN
2025-06-03T11:09:42.494+05:30  INFO 94728 --- [lucidity-circuitbreaker] [main] com.zaxxer.hikari.HikariDataSource       : HikariPool-1 - Start completed.
2025-06-03T11:09:42.514+05:30  WARN 94728 --- [lucidity-circuitbreaker] [main] ConfigServletWebServerApplicationContext : Exception encountered during context initialization - cancelling refresh attempt: org.springframework.beans.factory.UnsatisfiedDependencyException: Error creating bean with name 'userController' defined in file [C:\code-base\lucidity-circuitbreaker\build\classes\kotlin\main\com\ganeshl\luciditycircuitbreaker\api\controller\UserController.class]: Unsatisfied dependency expressed through constructor parameter 0: Error creating bean with name 'userService' defined in file [C:\code-base\lucidity-circuitbreaker\build\classes\kotlin\main\com\ganeshl\luciditycircuitbreaker\service\UserService.class]: Unsatisfied dependency expressed through constructor parameter 0: Error creating bean with name 'userRepository' defined in com.ganeshl.luciditycircuitbreaker.repository.UserRepository defined in @EnableJdbcRepositories declared on JdbcRepositoriesRegistrar.EnableJdbcRepositoriesConfiguration: Cannot resolve reference to bean 'org.springframework.data.jdbc.core.mapping.JdbcMappingContext' while setting bean property 'mappingContext'
2025-06-03T11:09:42.515+05:30  INFO 94728 --- [lucidity-circuitbreaker] [main] com.zaxxer.hikari.HikariDataSource       : HikariPool-1 - Shutdown initiated...
2025-06-03T11:09:42.570+05:30  INFO 94728 --- [lucidity-circuitbreaker] [main] com.zaxxer.hikari.HikariDataSource       : HikariPool-1 - Shutdown completed.
2025-06-03T11:09:42.573+05:30  INFO 94728 --- [lucidity-circuitbreaker] [main] o.apache.catalina.core.StandardService   : Stopping service [Tomcat]
2025-06-03T11:09:42.584+05:30  INFO 94728 --- [lucidity-circuitbreaker] [main] .s.b.a.l.ConditionEvaluationReportLogger : 

Error starting ApplicationContext. To display the condition evaluation report re-run your application with 'debug' enabled.
2025-06-03T11:09:42.595+05:30 ERROR 94728 --- [lucidity-circuitbreaker] [main] o.s.boot.SpringApplication               : Application run failed

org.springframework.beans.factory.UnsatisfiedDependencyException: Error creating bean with name 'userController' defined in file [C:\code-base\lucidity-circuitbreaker\build\classes\kotlin\main\com\ganeshl\luciditycircuitbreaker\api\controller\UserController.class]: Unsatisfied dependency expressed through constructor parameter 0: Error creating bean with name 'userService' defined in file [C:\code-base\lucidity-circuitbreaker\build\classes\kotlin\main\com\ganeshl\luciditycircuitbreaker\service\UserService.class]: Unsatisfied dependency expressed through constructor parameter 0: Error creating bean with name 'userRepository' defined in com.ganeshl.luciditycircuitbreaker.repository.UserRepository defined in @EnableJdbcRepositories declared on JdbcRepositoriesRegistrar.EnableJdbcRepositoriesConfiguration: Cannot resolve reference to bean 'org.springframework.data.jdbc.core.mapping.JdbcMappingContext' while setting bean property 'mappingContext'
	at org.springframework.beans.factory.support.ConstructorResolver.createArgumentArray(ConstructorResolver.java:804)
	at org.springframework.beans.factory.support.ConstructorResolver.autowireConstructor(ConstructorResolver.java:240)
	at org.springframework.beans.factory.support.AbstractAutowireCapableBeanFactory.autowireConstructor(AbstractAutowireCapableBeanFactory.java:1395)
	at org.springframework.beans.factory.support.AbstractAutowireCapableBeanFactory.createBeanInstance(AbstractAutowireCapableBeanFactory.java:1232)
	at org.springframework.beans.factory.support.AbstractAutowireCapableBeanFactory.doCreateBean(AbstractAutowireCapableBeanFactory.java:569)
	at org.springframework.beans.factory.support.AbstractAutowireCapableBeanFactory.createBean(AbstractAutowireCapableBeanFactory.java:529)
	at org.springframework.beans.factory.support.AbstractBeanFactory.lambda$doGetBean$0(AbstractBeanFactory.java:339)
	at org.springframework.beans.factory.support.DefaultSingletonBeanRegistry.getSingleton(DefaultSingletonBeanRegistry.java:373)
	at org.springframework.beans.factory.support.AbstractBeanFactory.doGetBean(AbstractBeanFactory.java:337)
	at org.springframework.beans.factory.support.AbstractBeanFactory.getBean(AbstractBeanFactory.java:202)
	at org.springframework.beans.factory.support.DefaultListableBeanFactory.instantiateSingleton(DefaultListableBeanFactory.java:1222)
	at org.springframework.beans.factory.support.DefaultListableBeanFactory.preInstantiateSingleton(DefaultListableBeanFactory.java:1188)
	at org.springframework.beans.factory.support.DefaultListableBeanFactory.preInstantiateSingletons(DefaultListableBeanFactory.java:1123)
	at org.springframework.context.support.AbstractApplicationContext.finishBeanFactoryInitialization(AbstractApplicationContext.java:987)
	at org.springframework.context.support.AbstractApplicationContext.refresh(AbstractApplicationContext.java:627)
	at org.springframework.boot.web.servlet.context.ServletWebServerApplicationContext.refresh(ServletWebServerApplicationContext.java:146)
	at org.springframework.boot.SpringApplication.refresh(SpringApplication.java:753)
	at org.springframework.boot.SpringApplication.refreshContext(SpringApplication.java:439)
	at org.springframework.boot.SpringApplication.run(SpringApplication.java:318)
	at org.springframework.boot.SpringApplication.run(SpringApplication.java:1362)
	at org.springframework.boot.SpringApplication.run(SpringApplication.java:1351)
	at com.ganeshl.luciditycircuitbreaker.LucidityCircuitbreakerApplicationKt.main(LucidityCircuitbreakerApplication.kt:13)
Caused by: org.springframework.beans.factory.UnsatisfiedDependencyException: Error creating bean with name 'userService' defined in file [C:\code-base\lucidity-circuitbreaker\build\classes\kotlin\main\com\ganeshl\luciditycircuitbreaker\service\UserService.class]: Unsatisfied dependency expressed through constructor parameter 0: Error creating bean with name 'userRepository' defined in com.ganeshl.luciditycircuitbreaker.repository.UserRepository defined in @EnableJdbcRepositories declared on JdbcRepositoriesRegistrar.EnableJdbcRepositoriesConfiguration: Cannot resolve reference to bean 'org.springframework.data.jdbc.core.mapping.JdbcMappingContext' while setting bean property 'mappingContext'
	at org.springframework.beans.factory.support.ConstructorResolver.createArgumentArray(ConstructorResolver.java:804)
	at org.springframework.beans.factory.support.ConstructorResolver.autowireConstructor(ConstructorResolver.java:240)
	at org.springframework.beans.factory.support.AbstractAutowireCapableBeanFactory.autowireConstructor(AbstractAutowireCapableBeanFactory.java:1395)
	at org.springframework.beans.factory.support.AbstractAutowireCapableBeanFactory.createBeanInstance(AbstractAutowireCapableBeanFactory.java:1232)
	at org.springframework.beans.factory.support.AbstractAutowireCapableBeanFactory.doCreateBean(AbstractAutowireCapableBeanFactory.java:569)
	at org.springframework.beans.factory.support.AbstractAutowireCapableBeanFactory.createBean(AbstractAutowireCapableBeanFactory.java:529)
	at org.springframework.beans.factory.support.AbstractBeanFactory.lambda$doGetBean$0(AbstractBeanFactory.java:339)
	at org.springframework.beans.factory.support.DefaultSingletonBeanRegistry.getSingleton(DefaultSingletonBeanRegistry.java:373)
	at org.springframework.beans.factory.support.AbstractBeanFactory.doGetBean(AbstractBeanFactory.java:337)
	at org.springframework.beans.factory.support.AbstractBeanFactory.getBean(AbstractBeanFactory.java:202)
	at org.springframework.beans.factory.support.DefaultListableBeanFactory.doResolveDependency(DefaultListableBeanFactory.java:1682)
	at org.springframework.beans.factory.support.DefaultListableBeanFactory.resolveDependency(DefaultListableBeanFactory.java:1628)
	at org.springframework.beans.factory.support.ConstructorResolver.resolveAutowiredArgument(ConstructorResolver.java:913)
	at org.springframework.beans.factory.support.ConstructorResolver.createArgumentArray(ConstructorResolver.java:791)
	... 21 common frames omitted
Caused by: org.springframework.beans.factory.BeanCreationException: Error creating bean with name 'userRepository' defined in com.ganeshl.luciditycircuitbreaker.repository.UserRepository defined in @EnableJdbcRepositories declared on JdbcRepositoriesRegistrar.EnableJdbcRepositoriesConfiguration: Cannot resolve reference to bean 'org.springframework.data.jdbc.core.mapping.JdbcMappingContext' while setting bean property 'mappingContext'
	at org.springframework.beans.factory.support.BeanDefinitionValueResolver.resolveReference(BeanDefinitionValueResolver.java:377)
	at org.springframework.beans.factory.support.BeanDefinitionValueResolver.resolveValueIfNecessary(BeanDefinitionValueResolver.java:135)
	at org.springframework.beans.factory.support.AbstractAutowireCapableBeanFactory.applyPropertyValues(AbstractAutowireCapableBeanFactory.java:1725)
	at org.springframework.beans.factory.support.AbstractAutowireCapableBeanFactory.populateBean(AbstractAutowireCapableBeanFactory.java:1474)
	at org.springframework.beans.factory.support.AbstractAutowireCapableBeanFactory.doCreateBean(AbstractAutowireCapableBeanFactory.java:606)
	at org.springframework.beans.factory.support.AbstractAutowireCapableBeanFactory.createBean(AbstractAutowireCapableBeanFactory.java:529)
	at org.springframework.beans.factory.support.AbstractBeanFactory.lambda$doGetBean$0(AbstractBeanFactory.java:339)
	at org.springframework.beans.factory.support.DefaultSingletonBeanRegistry.getSingleton(DefaultSingletonBeanRegistry.java:373)
	at org.springframework.beans.factory.support.AbstractBeanFactory.doGetBean(AbstractBeanFactory.java:337)
	at org.springframework.beans.factory.support.AbstractBeanFactory.getBean(AbstractBeanFactory.java:202)
	at org.springframework.beans.factory.support.DefaultListableBeanFactory.doResolveDependency(DefaultListableBeanFactory.java:1682)
	at org.springframework.beans.factory.support.DefaultListableBeanFactory.resolveDependency(DefaultListableBeanFactory.java:1628)
	at org.springframework.beans.factory.support.ConstructorResolver.resolveAutowiredArgument(ConstructorResolver.java:913)
	at org.springframework.beans.factory.support.ConstructorResolver.createArgumentArray(ConstructorResolver.java:791)
	... 34 common frames omitted
Caused by: org.springframework.beans.factory.UnsatisfiedDependencyException: Error creating bean with name 'jdbcMappingContext' defined in class path resource [org/springframework/boot/autoconfigure/data/jdbc/JdbcRepositoriesAutoConfiguration$SpringBootJdbcConfiguration.class]: Unsatisfied dependency expressed through method 'jdbcMappingContext' parameter 1: Error creating bean with name 'jdbcCustomConversions' defined in class path resource [org/springframework/boot/autoconfigure/data/jdbc/JdbcRepositoriesAutoConfiguration$SpringBootJdbcConfiguration.class]: Failed to instantiate [org.springframework.data.jdbc.core.convert.JdbcCustomConversions]: Factory method 'jdbcCustomConversions' threw exception with message: Error creating bean with name 'jdbcDialect' defined in class path resource [org/springframework/boot/autoconfigure/data/jdbc/JdbcRepositoriesAutoConfiguration$SpringBootJdbcConfiguration.class]: Unsatisfied dependency expressed through method 'jdbcDialect' parameter 0: Error creating bean with name 'dataSourceScriptDatabaseInitializer' defined in class path resource [org/springframework/boot/autoconfigure/sql/init/DataSourceInitializationConfiguration.class]: Failed to execute SQL script statement #3 of class path resource [sql/schema.sql]: INSERT INTO USERS (id, name, email, phoneNumber) VALUES ('ed341a08-7748-4e29-85b3-3d1b31f343cf', 'Alice Wonderland', 'alice.w@example.com', '9999994325'), ('3d198fcf-8368-4708-a885-b240b6aeee7b', 'Bob The Builder', 'bob.t.b@example.com', '9999993243'), ('4a149f82-3b18-48ce-91a3-81ca732bcc4f', 'Charlie Chaplin', 'charlie.c@example.com', '9999991243')
	at org.springframework.beans.factory.support.ConstructorResolver.createArgumentArray(ConstructorResolver.java:804)
	at org.springframework.beans.factory.support.ConstructorResolver.instantiateUsingFactoryMethod(ConstructorResolver.java:546)
	at org.springframework.beans.factory.support.AbstractAutowireCapableBeanFactory.instantiateUsingFactoryMethod(AbstractAutowireCapableBeanFactory.java:1375)
	at org.springframework.beans.factory.support.AbstractAutowireCapableBeanFactory.createBeanInstance(AbstractAutowireCapableBeanFactory.java:1205)
	at org.springframework.beans.factory.support.AbstractAutowireCapableBeanFactory.doCreateBean(AbstractAutowireCapableBeanFactory.java:569)
	at org.springframework.beans.factory.support.AbstractAutowireCapableBeanFactory.createBean(AbstractAutowireCapableBeanFactory.java:529)
	at org.springframework.beans.factory.support.AbstractBeanFactory.lambda$doGetBean$0(AbstractBeanFactory.java:339)
	at org.springframework.beans.factory.support.DefaultSingletonBeanRegistry.getSingleton(DefaultSingletonBeanRegistry.java:373)
	at org.springframework.beans.factory.support.AbstractBeanFactory.doGetBean(AbstractBeanFactory.java:337)
	at org.springframework.beans.factory.support.AbstractBeanFactory.getBean(AbstractBeanFactory.java:227)
	at org.springframework.beans.factory.support.DefaultListableBeanFactory.resolveNamedBean(DefaultListableBeanFactory.java:1598)
	at org.springframework.beans.factory.support.DefaultListableBeanFactory.resolveNamedBean(DefaultListableBeanFactory.java:1556)
	at org.springframework.beans.factory.support.DefaultListableBeanFactory.resolveNamedBean(DefaultListableBeanFactory.java:1524)
	at org.springframework.beans.factory.support.BeanDefinitionValueResolver.resolveReference(BeanDefinitionValueResolver.java:359)
	... 47 common frames omitted
Caused by: org.springframework.beans.factory.BeanCreationException: Error creating bean with name 'jdbcCustomConversions' defined in class path resource [org/springframework/boot/autoconfigure/data/jdbc/JdbcRepositoriesAutoConfiguration$SpringBootJdbcConfiguration.class]: Failed to instantiate [org.springframework.data.jdbc.core.convert.JdbcCustomConversions]: Factory method 'jdbcCustomConversions' threw exception with message: Error creating bean with name 'jdbcDialect' defined in class path resource [org/springframework/boot/autoconfigure/data/jdbc/JdbcRepositoriesAutoConfiguration$SpringBootJdbcConfiguration.class]: Unsatisfied dependency expressed through method 'jdbcDialect' parameter 0: Error creating bean with name 'dataSourceScriptDatabaseInitializer' defined in class path resource [org/springframework/boot/autoconfigure/sql/init/DataSourceInitializationConfiguration.class]: Failed to execute SQL script statement #3 of class path resource [sql/schema.sql]: INSERT INTO USERS (id, name, email, phoneNumber) VALUES ('ed341a08-7748-4e29-85b3-3d1b31f343cf', 'Alice Wonderland', 'alice.w@example.com', '9999994325'), ('3d198fcf-8368-4708-a885-b240b6aeee7b', 'Bob The Builder', 'bob.t.b@example.com', '9999993243'), ('4a149f82-3b18-48ce-91a3-81ca732bcc4f', 'Charlie Chaplin', 'charlie.c@example.com', '9999991243')
	at org.springframework.beans.factory.support.ConstructorResolver.instantiate(ConstructorResolver.java:657)
	at org.springframework.beans.factory.support.ConstructorResolver.instantiateUsingFactoryMethod(ConstructorResolver.java:489)
	at org.springframework.beans.factory.support.AbstractAutowireCapableBeanFactory.instantiateUsingFactoryMethod(AbstractAutowireCapableBeanFactory.java:1375)
	at org.springframework.beans.factory.support.AbstractAutowireCapableBeanFactory.createBeanInstance(AbstractAutowireCapableBeanFactory.java:1205)
	at org.springframework.beans.factory.support.AbstractAutowireCapableBeanFactory.doCreateBean(AbstractAutowireCapableBeanFactory.java:569)
	at org.springframework.beans.factory.support.AbstractAutowireCapableBeanFactory.createBean(AbstractAutowireCapableBeanFactory.java:529)
	at org.springframework.beans.factory.support.AbstractBeanFactory.lambda$doGetBean$0(AbstractBeanFactory.java:339)
	at org.springframework.beans.factory.support.DefaultSingletonBeanRegistry.getSingleton(DefaultSingletonBeanRegistry.java:373)
	at org.springframework.beans.factory.support.AbstractBeanFactory.doGetBean(AbstractBeanFactory.java:337)
	at org.springframework.beans.factory.support.AbstractBeanFactory.getBean(AbstractBeanFactory.java:202)
	at org.springframework.beans.factory.config.DependencyDescriptor.resolveCandidate(DependencyDescriptor.java:254)
	at org.springframework.beans.factory.support.DefaultListableBeanFactory.doResolveDependency(DefaultListableBeanFactory.java:1740)
	at org.springframework.beans.factory.support.DefaultListableBeanFactory.resolveDependency(DefaultListableBeanFactory.java:1628)
	at org.springframework.beans.factory.support.ConstructorResolver.resolveAutowiredArgument(ConstructorResolver.java:913)
	at org.springframework.beans.factory.support.ConstructorResolver.createArgumentArray(ConstructorResolver.java:791)
	... 60 common frames omitted
Caused by: org.springframework.beans.BeanInstantiationException: Failed to instantiate [org.springframework.data.jdbc.core.convert.JdbcCustomConversions]: Factory method 'jdbcCustomConversions' threw exception with message: Error creating bean with name 'jdbcDialect' defined in class path resource [org/springframework/boot/autoconfigure/data/jdbc/JdbcRepositoriesAutoConfiguration$SpringBootJdbcConfiguration.class]: Unsatisfied dependency expressed through method 'jdbcDialect' parameter 0: Error creating bean with name 'dataSourceScriptDatabaseInitializer' defined in class path resource [org/springframework/boot/autoconfigure/sql/init/DataSourceInitializationConfiguration.class]: Failed to execute SQL script statement #3 of class path resource [sql/schema.sql]: INSERT INTO USERS (id, name, email, phoneNumber) VALUES ('ed341a08-7748-4e29-85b3-3d1b31f343cf', 'Alice Wonderland', 'alice.w@example.com', '9999994325'), ('3d198fcf-8368-4708-a885-b240b6aeee7b', 'Bob The Builder', 'bob.t.b@example.com', '9999993243'), ('4a149f82-3b18-48ce-91a3-81ca732bcc4f', 'Charlie Chaplin', 'charlie.c@example.com', '9999991243')
	at org.springframework.beans.factory.support.SimpleInstantiationStrategy.lambda$instantiate$0(SimpleInstantiationStrategy.java:199)
	at org.springframework.beans.factory.support.SimpleInstantiationStrategy.instantiateWithFactoryMethod(SimpleInstantiationStrategy.java:88)
	at org.springframework.beans.factory.support.SimpleInstantiationStrategy.instantiate(SimpleInstantiationStrategy.java:168)
	at org.springframework.beans.factory.support.ConstructorResolver.instantiate(ConstructorResolver.java:653)
	... 74 common frames omitted
Caused by: org.springframework.beans.factory.UnsatisfiedDependencyException: Error creating bean with name 'jdbcDialect' defined in class path resource [org/springframework/boot/autoconfigure/data/jdbc/JdbcRepositoriesAutoConfiguration$SpringBootJdbcConfiguration.class]: Unsatisfied dependency expressed through method 'jdbcDialect' parameter 0: Error creating bean with name 'dataSourceScriptDatabaseInitializer' defined in class path resource [org/springframework/boot/autoconfigure/sql/init/DataSourceInitializationConfiguration.class]: Failed to execute SQL script statement #3 of class path resource [sql/schema.sql]: INSERT INTO USERS (id, name, email, phoneNumber) VALUES ('ed341a08-7748-4e29-85b3-3d1b31f343cf', 'Alice Wonderland', 'alice.w@example.com', '9999994325'), ('3d198fcf-8368-4708-a885-b240b6aeee7b', 'Bob The Builder', 'bob.t.b@example.com', '9999993243'), ('4a149f82-3b18-48ce-91a3-81ca732bcc4f', 'Charlie Chaplin', 'charlie.c@example.com', '9999991243')
	at org.springframework.beans.factory.support.ConstructorResolver.createArgumentArray(ConstructorResolver.java:804)
	at org.springframework.beans.factory.support.ConstructorResolver.instantiateUsingFactoryMethod(ConstructorResolver.java:546)
	at org.springframework.beans.factory.support.AbstractAutowireCapableBeanFactory.instantiateUsingFactoryMethod(AbstractAutowireCapableBeanFactory.java:1375)
	at org.springframework.beans.factory.support.AbstractAutowireCapableBeanFactory.createBeanInstance(AbstractAutowireCapableBeanFactory.java:1205)
	at org.springframework.beans.factory.support.AbstractAutowireCapableBeanFactory.doCreateBean(AbstractAutowireCapableBeanFactory.java:569)
	at org.springframework.beans.factory.support.AbstractAutowireCapableBeanFactory.createBean(AbstractAutowireCapableBeanFactory.java:529)
	at org.springframework.beans.factory.support.AbstractBeanFactory.lambda$doGetBean$0(AbstractBeanFactory.java:339)
	at org.springframework.beans.factory.support.DefaultSingletonBeanRegistry.getSingleton(DefaultSingletonBeanRegistry.java:373)
	at org.springframework.beans.factory.support.AbstractBeanFactory.doGetBean(AbstractBeanFactory.java:337)
	at org.springframework.beans.factory.support.AbstractBeanFactory.getBean(AbstractBeanFactory.java:227)
	at org.springframework.beans.factory.support.DefaultListableBeanFactory.resolveNamedBean(DefaultListableBeanFactory.java:1598)
	at org.springframework.beans.factory.support.DefaultListableBeanFactory.resolveNamedBean(DefaultListableBeanFactory.java:1556)
	at org.springframework.beans.factory.support.DefaultListableBeanFactory.resolveBean(DefaultListableBeanFactory.java:563)
	at org.springframework.beans.factory.support.DefaultListableBeanFactory.getBean(DefaultListableBeanFactory.java:392)
	at org.springframework.beans.factory.support.DefaultListableBeanFactory.getBean(DefaultListableBeanFactory.java:385)
	at org.springframework.context.support.AbstractApplicationContext.getBean(AbstractApplicationContext.java:1290)
	at org.springframework.data.jdbc.repository.config.AbstractJdbcConfiguration.jdbcCustomConversions(AbstractJdbcConfiguration.java:154)
	at org.springframework.boot.autoconfigure.data.jdbc.JdbcRepositoriesAutoConfiguration$SpringBootJdbcConfiguration.jdbcCustomConversions(JdbcRepositoriesAutoConfiguration.java:127)
	at java.base/jdk.internal.reflect.NativeMethodAccessorImpl.invoke0(Native Method)
	at java.base/jdk.internal.reflect.NativeMethodAccessorImpl.invoke(NativeMethodAccessorImpl.java:77)
	at java.base/jdk.internal.reflect.DelegatingMethodAccessorImpl.invoke(DelegatingMethodAccessorImpl.java:43)
	at java.base/java.lang.reflect.Method.invoke(Method.java:569)
	at org.springframework.beans.factory.support.SimpleInstantiationStrategy.lambda$instantiate$0(SimpleInstantiationStrategy.java:171)
	... 77 common frames omitted
Caused by: org.springframework.beans.factory.BeanCreationException: Error creating bean with name 'dataSourceScriptDatabaseInitializer' defined in class path resource [org/springframework/boot/autoconfigure/sql/init/DataSourceInitializationConfiguration.class]: Failed to execute SQL script statement #3 of class path resource [sql/schema.sql]: INSERT INTO USERS (id, name, email, phoneNumber) VALUES ('ed341a08-7748-4e29-85b3-3d1b31f343cf', 'Alice Wonderland', 'alice.w@example.com', '9999994325'), ('3d198fcf-8368-4708-a885-b240b6aeee7b', 'Bob The Builder', 'bob.t.b@example.com', '9999993243'), ('4a149f82-3b18-48ce-91a3-81ca732bcc4f', 'Charlie Chaplin', 'charlie.c@example.com', '9999991243')
	at org.springframework.beans.factory.support.AbstractAutowireCapableBeanFactory.initializeBean(AbstractAutowireCapableBeanFactory.java:1826)
	at org.springframework.beans.factory.support.AbstractAutowireCapableBeanFactory.doCreateBean(AbstractAutowireCapableBeanFactory.java:607)
	at org.springframework.beans.factory.support.AbstractAutowireCapableBeanFactory.createBean(AbstractAutowireCapableBeanFactory.java:529)
	at org.springframework.beans.factory.support.AbstractBeanFactory.lambda$doGetBean$0(AbstractBeanFactory.java:339)
	at org.springframework.beans.factory.support.DefaultSingletonBeanRegistry.getSingleton(DefaultSingletonBeanRegistry.java:373)
	at org.springframework.beans.factory.support.AbstractBeanFactory.doGetBean(AbstractBeanFactory.java:337)
	at org.springframework.beans.factory.support.AbstractBeanFactory.getBean(AbstractBeanFactory.java:202)
	at org.springframework.beans.factory.support.AbstractBeanFactory.doGetBean(AbstractBeanFactory.java:315)
	at org.springframework.beans.factory.support.AbstractBeanFactory.getBean(AbstractBeanFactory.java:202)
	at org.springframework.beans.factory.config.DependencyDescriptor.resolveCandidate(DependencyDescriptor.java:254)
	at org.springframework.beans.factory.support.DefaultListableBeanFactory.doResolveDependency(DefaultListableBeanFactory.java:1740)
	at org.springframework.beans.factory.support.DefaultListableBeanFactory.resolveDependency(DefaultListableBeanFactory.java:1628)
	at org.springframework.beans.factory.support.ConstructorResolver.resolveAutowiredArgument(ConstructorResolver.java:913)
	at org.springframework.beans.factory.support.ConstructorResolver.createArgumentArray(ConstructorResolver.java:791)
	... 99 common frames omitted
Caused by: org.springframework.jdbc.datasource.init.ScriptStatementFailedException: Failed to execute SQL script statement #3 of class path resource [sql/schema.sql]: INSERT INTO USERS (id, name, email, phoneNumber) VALUES ('ed341a08-7748-4e29-85b3-3d1b31f343cf', 'Alice Wonderland', 'alice.w@example.com', '9999994325'), ('3d198fcf-8368-4708-a885-b240b6aeee7b', 'Bob The Builder', 'bob.t.b@example.com', '9999993243'), ('4a149f82-3b18-48ce-91a3-81ca732bcc4f', 'Charlie Chaplin', 'charlie.c@example.com', '9999991243')
	at org.springframework.jdbc.datasource.init.ScriptUtils.executeSqlScript(ScriptUtils.java:282)
	at org.springframework.jdbc.datasource.init.ResourceDatabasePopulator.populate(ResourceDatabasePopulator.java:254)
	at org.springframework.jdbc.datasource.init.DatabasePopulatorUtils.execute(DatabasePopulatorUtils.java:54)
	at org.springframework.boot.jdbc.init.DataSourceScriptDatabaseInitializer.runScripts(DataSourceScriptDatabaseInitializer.java:87)
	at org.springframework.boot.sql.init.AbstractScriptDatabaseInitializer.runScripts(AbstractScriptDatabaseInitializer.java:146)
	at org.springframework.boot.sql.init.AbstractScriptDatabaseInitializer.applyScripts(AbstractScriptDatabaseInitializer.java:108)
	at org.springframework.boot.sql.init.AbstractScriptDatabaseInitializer.applySchemaScripts(AbstractScriptDatabaseInitializer.java:98)
	at org.springframework.boot.sql.init.AbstractScriptDatabaseInitializer.initializeDatabase(AbstractScriptDatabaseInitializer.java:76)
	at org.springframework.boot.sql.init.AbstractScriptDatabaseInitializer.afterPropertiesSet(AbstractScriptDatabaseInitializer.java:66)
	at org.springframework.beans.factory.support.AbstractAutowireCapableBeanFactory.invokeInitMethods(AbstractAutowireCapableBeanFactory.java:1873)
	at org.springframework.beans.factory.support.AbstractAutowireCapableBeanFactory.initializeBean(AbstractAutowireCapableBeanFactory.java:1822)
	... 112 common frames omitted
Caused by: org.h2.jdbc.JdbcSQLSyntaxErrorException: Column "PHONENUMBER" not found; SQL statement:
INSERT INTO USERS (id, name, email, phoneNumber) VALUES ('ed341a08-7748-4e29-85b3-3d1b31f343cf', 'Alice Wonderland', 'alice.w@example.com', '9999994325'), ('3d198fcf-8368-4708-a885-b240b6aeee7b', 'Bob The Builder', 'bob.t.b@example.com', '9999993243'), ('4a149f82-3b18-48ce-91a3-81ca732bcc4f', 'Charlie Chaplin', 'charlie.c@example.com', '9999991243') [42122-232]
	at org.h2.message.DbException.getJdbcSQLException(DbException.java:514)
	at org.h2.message.DbException.getJdbcSQLException(DbException.java:489)
	at org.h2.message.DbException.get(DbException.java:223)
	at org.h2.message.DbException.get(DbException.java:199)
	at org.h2.table.Table.getColumn(Table.java:786)
	at org.h2.command.Parser.parseColumn(Parser.java:1171)
	at org.h2.command.Parser.parseColumnList(Parser.java:1156)
	at org.h2.command.Parser.parseInsert(Parser.java:1530)
	at org.h2.command.Parser.parsePrepared(Parser.java:698)
	at org.h2.command.Parser.parse(Parser.java:581)
	at org.h2.command.Parser.parse(Parser.java:556)
	at org.h2.command.Parser.prepareCommand(Parser.java:484)
	at org.h2.engine.SessionLocal.prepareLocal(SessionLocal.java:645)
	at org.h2.engine.SessionLocal.prepareCommand(SessionLocal.java:561)
	at org.h2.jdbc.JdbcConnection.prepareCommand(JdbcConnection.java:1164)
	at org.h2.jdbc.JdbcStatement.executeInternal(JdbcStatement.java:245)
	at org.h2.jdbc.JdbcStatement.execute(JdbcStatement.java:231)
	at com.zaxxer.hikari.pool.ProxyStatement.execute(ProxyStatement.java:94)
	at com.zaxxer.hikari.pool.HikariProxyStatement.execute(HikariProxyStatement.java)
	at org.springframework.jdbc.datasource.init.ScriptUtils.executeSqlScript(ScriptUtils.java:261)
	... 122 common frames omitted

2025-06-03T11:10:04.676+05:30  INFO 11608 --- [lucidity-circuitbreaker] [main] .g.l.LucidityCircuitbreakerApplicationKt : Starting LucidityCircuitbreakerApplicationKt using Java 17.0.15 with PID 11608 (C:\code-base\lucidity-circuitbreaker\build\classes\kotlin\main started by lgane in C:\code-base\lucidity-circuitbreaker)
2025-06-03T11:10:04.677+05:30 DEBUG 11608 --- [lucidity-circuitbreaker] [main] .g.l.LucidityCircuitbreakerApplicationKt : Running with Spring Boot v3.4.6, Spring v6.2.7
2025-06-03T11:10:04.678+05:30  INFO 11608 --- [lucidity-circuitbreaker] [main] .g.l.LucidityCircuitbreakerApplicationKt : No active profile set, falling back to 1 default profile: "default"
2025-06-03T11:10:05.423+05:30  INFO 11608 --- [lucidity-circuitbreaker] [main] .s.d.r.c.RepositoryConfigurationDelegate : Bootstrapping Spring Data JDBC repositories in DEFAULT mode.
2025-06-03T11:10:05.454+05:30  INFO 11608 --- [lucidity-circuitbreaker] [main] .s.d.r.c.RepositoryConfigurationDelegate : Finished Spring Data repository scanning in 27 ms. Found 1 JDBC repository interface.
2025-06-03T11:10:05.614+05:30  INFO 11608 --- [lucidity-circuitbreaker] [main] o.s.cloud.context.scope.GenericScope     : BeanFactory id=a14a419e-ff8a-3880-850a-30f5f47959c1
2025-06-03T11:10:05.833+05:30  INFO 11608 --- [lucidity-circuitbreaker] [main] o.s.b.w.embedded.tomcat.TomcatWebServer  : Tomcat initialized with port 8080 (http)
2025-06-03T11:10:05.840+05:30  INFO 11608 --- [lucidity-circuitbreaker] [main] o.apache.catalina.core.StandardService   : Starting service [Tomcat]
2025-06-03T11:10:05.841+05:30  INFO 11608 --- [lucidity-circuitbreaker] [main] o.apache.catalina.core.StandardEngine    : Starting Servlet engine: [Apache Tomcat/10.1.41]
2025-06-03T11:10:05.881+05:30  INFO 11608 --- [lucidity-circuitbreaker] [main] o.a.c.c.C.[Tomcat].[localhost].[/]       : Initializing Spring embedded WebApplicationContext
2025-06-03T11:10:05.882+05:30  INFO 11608 --- [lucidity-circuitbreaker] [main] w.s.c.ServletWebServerApplicationContext : Root WebApplicationContext: initialization completed in 1165 ms
2025-06-03T11:10:06.004+05:30  INFO 11608 --- [lucidity-circuitbreaker] [main] c.g.l.config.RuntimeConfigManager        : RuntimeConfigurationManager initialized with values from application.yml {operationTimeDelay=3000, isRandomErrorEnabled=false, timeDelayEnabled=false, currentCB=TimeCB, errorRate=0.5}
2025-06-03T11:10:06.035+05:30  INFO 11608 --- [lucidity-circuitbreaker] [main] com.zaxxer.hikari.HikariDataSource       : HikariPool-1 - Starting...
2025-06-03T11:10:06.181+05:30  INFO 11608 --- [lucidity-circuitbreaker] [main] com.zaxxer.hikari.pool.HikariPool        : HikariPool-1 - Added connection conn0: url=jdbc:h2:file:./data/testdb2 user=ADMIN
2025-06-03T11:10:06.182+05:30  INFO 11608 --- [lucidity-circuitbreaker] [main] com.zaxxer.hikari.HikariDataSource       : HikariPool-1 - Start completed.
2025-06-03T11:10:06.784+05:30  INFO 11608 --- [lucidity-circuitbreaker] [main] o.s.b.a.e.web.EndpointLinksResolver      : Exposing 3 endpoints beneath base path '/actuator'
2025-06-03T11:10:06.846+05:30  INFO 11608 --- [lucidity-circuitbreaker] [main] o.s.b.w.embedded.tomcat.TomcatWebServer  : Tomcat started on port 8080 (http) with context path '/'
2025-06-03T11:10:06.912+05:30  INFO 11608 --- [lucidity-circuitbreaker] [main] .g.l.LucidityCircuitbreakerApplicationKt : Started LucidityCircuitbreakerApplicationKt in 2.71 seconds (process running for 3.185)
2025-06-03T11:10:07.632+05:30  INFO 11608 --- [lucidity-circuitbreaker] [RMI TCP Connection(2)-192.168.1.8] o.a.c.c.C.[Tomcat].[localhost].[/]       : Initializing Spring DispatcherServlet 'dispatcherServlet'
2025-06-03T11:10:07.632+05:30  INFO 11608 --- [lucidity-circuitbreaker] [RMI TCP Connection(2)-192.168.1.8] o.s.web.servlet.DispatcherServlet        : Initializing Servlet 'dispatcherServlet'
2025-06-03T11:10:07.633+05:30  INFO 11608 --- [lucidity-circuitbreaker] [RMI TCP Connection(2)-192.168.1.8] o.s.web.servlet.DispatcherServlet        : Completed initialization in 1 ms
2025-06-03T14:52:50.619+05:30  WARN 11608 --- [lucidity-circuitbreaker] [HikariPool-1 housekeeper] com.zaxxer.hikari.pool.HikariPool        : HikariPool-1 - Thread starvation or clock leap detected (housekeeper delta=2h41m13s839ms615µs600ns).
2025-06-03T15:06:56.626+05:30  INFO 11608 --- [lucidity-circuitbreaker] [SpringApplicationShutdownHook] o.s.b.w.e.tomcat.GracefulShutdown        : Commencing graceful shutdown. Waiting for active requests to complete
2025-06-03T15:06:56.660+05:30  INFO 11608 --- [lucidity-circuitbreaker] [tomcat-shutdown] o.s.b.w.e.tomcat.GracefulShutdown        : Graceful shutdown complete
2025-06-03T15:06:56.668+05:30  INFO 11608 --- [lucidity-circuitbreaker] [SpringApplicationShutdownHook] com.zaxxer.hikari.HikariDataSource       : HikariPool-1 - Shutdown initiated...
2025-06-03T15:06:56.670+05:30  INFO 11608 --- [lucidity-circuitbreaker] [SpringApplicationShutdownHook] com.zaxxer.hikari.HikariDataSource       : HikariPool-1 - Shutdown completed.
2025-06-03T15:07:13.891+05:30  INFO 17096 --- [lucidity-circuitbreaker] [main] .g.l.LucidityCircuitbreakerApplicationKt : Starting LucidityCircuitbreakerApplicationKt using Java 17.0.15 with PID 17096 (C:\code-base\lucidity-circuitbreaker\build\classes\kotlin\main started by lgane in C:\code-base\lucidity-circuitbreaker)
2025-06-03T15:07:13.892+05:30 DEBUG 17096 --- [lucidity-circuitbreaker] [main] .g.l.LucidityCircuitbreakerApplicationKt : Running with Spring Boot v3.4.6, Spring v6.2.7
2025-06-03T15:07:13.894+05:30  INFO 17096 --- [lucidity-circuitbreaker] [main] .g.l.LucidityCircuitbreakerApplicationKt : No active profile set, falling back to 1 default profile: "default"
2025-06-03T15:07:14.636+05:30  INFO 17096 --- [lucidity-circuitbreaker] [main] .s.d.r.c.RepositoryConfigurationDelegate : Bootstrapping Spring Data JDBC repositories in DEFAULT mode.
2025-06-03T15:07:14.674+05:30  INFO 17096 --- [lucidity-circuitbreaker] [main] .s.d.r.c.RepositoryConfigurationDelegate : Finished Spring Data repository scanning in 32 ms. Found 1 JDBC repository interface.
2025-06-03T15:07:14.848+05:30  INFO 17096 --- [lucidity-circuitbreaker] [main] o.s.cloud.context.scope.GenericScope     : BeanFactory id=60f99361-2f38-3298-9488-caa3f74a96e7
2025-06-03T15:07:15.064+05:30  INFO 17096 --- [lucidity-circuitbreaker] [main] o.s.b.w.embedded.tomcat.TomcatWebServer  : Tomcat initialized with port 8080 (http)
2025-06-03T15:07:15.072+05:30  INFO 17096 --- [lucidity-circuitbreaker] [main] o.apache.catalina.core.StandardService   : Starting service [Tomcat]
2025-06-03T15:07:15.072+05:30  INFO 17096 --- [lucidity-circuitbreaker] [main] o.apache.catalina.core.StandardEngine    : Starting Servlet engine: [Apache Tomcat/10.1.41]
2025-06-03T15:07:15.116+05:30  INFO 17096 --- [lucidity-circuitbreaker] [main] o.a.c.c.C.[Tomcat].[localhost].[/]       : Initializing Spring embedded WebApplicationContext
2025-06-03T15:07:15.116+05:30  INFO 17096 --- [lucidity-circuitbreaker] [main] w.s.c.ServletWebServerApplicationContext : Root WebApplicationContext: initialization completed in 1184 ms
2025-06-03T15:07:15.244+05:30  INFO 17096 --- [lucidity-circuitbreaker] [main] c.g.l.config.RuntimeConfigManager        : RuntimeConfigurationManager initialized with values from application.yml {operationTimeDelay=3000, isRandomErrorEnabled=false, timeDelayEnabled=false, currentCB=TimeCB, errorRate=0.5}
2025-06-03T15:07:15.282+05:30  INFO 17096 --- [lucidity-circuitbreaker] [main] com.zaxxer.hikari.HikariDataSource       : HikariPool-1 - Starting...
2025-06-03T15:07:15.432+05:30  INFO 17096 --- [lucidity-circuitbreaker] [main] com.zaxxer.hikari.pool.HikariPool        : HikariPool-1 - Added connection conn0: url=jdbc:h2:file:./data/testdb2 user=ADMIN
2025-06-03T15:07:15.433+05:30  INFO 17096 --- [lucidity-circuitbreaker] [main] com.zaxxer.hikari.HikariDataSource       : HikariPool-1 - Start completed.
2025-06-03T15:07:16.036+05:30  INFO 17096 --- [lucidity-circuitbreaker] [main] o.s.b.a.e.web.EndpointLinksResolver      : Exposing 3 endpoints beneath base path '/actuator'
2025-06-03T15:07:16.097+05:30  INFO 17096 --- [lucidity-circuitbreaker] [main] o.s.b.w.embedded.tomcat.TomcatWebServer  : Tomcat started on port 8080 (http) with context path '/'
2025-06-03T15:07:16.165+05:30  INFO 17096 --- [lucidity-circuitbreaker] [main] .g.l.LucidityCircuitbreakerApplicationKt : Started LucidityCircuitbreakerApplicationKt in 2.724 seconds (process running for 3.153)
2025-06-03T15:07:16.362+05:30  INFO 17096 --- [lucidity-circuitbreaker] [RMI TCP Connection(1)-192.168.1.8] o.a.c.c.C.[Tomcat].[localhost].[/]       : Initializing Spring DispatcherServlet 'dispatcherServlet'
2025-06-03T15:07:16.362+05:30  INFO 17096 --- [lucidity-circuitbreaker] [RMI TCP Connection(1)-192.168.1.8] o.s.web.servlet.DispatcherServlet        : Initializing Servlet 'dispatcherServlet'
2025-06-03T15:07:16.363+05:30  INFO 17096 --- [lucidity-circuitbreaker] [RMI TCP Connection(1)-192.168.1.8] o.s.web.servlet.DispatcherServlet        : Completed initialization in 1 ms
2025-06-03T15:27:17.745+05:30  WARN 17096 --- [lucidity-circuitbreaker] [HikariPool-1 housekeeper] com.zaxxer.hikari.pool.HikariPool        : HikariPool-1 - Thread starvation or clock leap detected (housekeeper delta=15m2s201ms148µs).
2025-06-03T15:41:20.209+05:30  INFO 17096 --- [lucidity-circuitbreaker] [SpringApplicationShutdownHook] o.s.b.w.e.tomcat.GracefulShutdown        : Commencing graceful shutdown. Waiting for active requests to complete
2025-06-03T15:41:20.238+05:30  INFO 17096 --- [lucidity-circuitbreaker] [tomcat-shutdown] o.s.b.w.e.tomcat.GracefulShutdown        : Graceful shutdown complete
2025-06-03T15:41:20.244+05:30  INFO 17096 --- [lucidity-circuitbreaker] [SpringApplicationShutdownHook] com.zaxxer.hikari.HikariDataSource       : HikariPool-1 - Shutdown initiated...
2025-06-03T15:41:20.246+05:30  INFO 17096 --- [lucidity-circuitbreaker] [SpringApplicationShutdownHook] com.zaxxer.hikari.HikariDataSource       : HikariPool-1 - Shutdown completed.
2025-06-03T18:02:30.969+05:30  INFO 83204 --- [lucidity-circuitbreaker] [Test worker] l.LucidityCircuitbreakerApplicationTests : Starting LucidityCircuitbreakerApplicationTests using Java 17.0.15 with PID 83204 (started by lgane in C:\code-base\lucidity-circuitbreaker)
2025-06-03T18:02:30.972+05:30 DEBUG 83204 --- [lucidity-circuitbreaker] [Test worker] l.LucidityCircuitbreakerApplicationTests : Running with Spring Boot v3.4.6, Spring v6.2.7
2025-06-03T18:02:30.974+05:30  INFO 83204 --- [lucidity-circuitbreaker] [Test worker] l.LucidityCircuitbreakerApplicationTests : No active profile set, falling back to 1 default profile: "default"
2025-06-03T18:02:33.054+05:30  INFO 83204 --- [lucidity-circuitbreaker] [Test worker] .s.d.r.c.RepositoryConfigurationDelegate : Bootstrapping Spring Data JDBC repositories in DEFAULT mode.
2025-06-03T18:02:33.101+05:30  INFO 83204 --- [lucidity-circuitbreaker] [Test worker] .s.d.r.c.RepositoryConfigurationDelegate : Finished Spring Data repository scanning in 41 ms. Found 1 JDBC repository interface.
2025-06-03T18:02:33.487+05:30  INFO 83204 --- [lucidity-circuitbreaker] [Test worker] o.s.cloud.context.scope.GenericScope     : BeanFactory id=3675d848-7b2c-3201-8ac7-cf54c9f26947
2025-06-03T18:02:33.755+05:30  INFO 83204 --- [lucidity-circuitbreaker] [Test worker] c.g.l.config.RuntimeConfigManager        : RuntimeConfigurationManager initialized with values from application.yml {operationTimeDelay=3000, isRandomErrorEnabled=false, timeDelayEnabled=false, currentCB=TimeCB, errorRate=0.5}
2025-06-03T18:02:33.853+05:30  INFO 83204 --- [lucidity-circuitbreaker] [Test worker] com.zaxxer.hikari.HikariDataSource       : HikariPool-1 - Starting...
2025-06-03T18:02:34.258+05:30  INFO 83204 --- [lucidity-circuitbreaker] [Test worker] com.zaxxer.hikari.pool.HikariPool        : HikariPool-1 - Added connection conn0: url=jdbc:h2:file:./data/testdb2 user=ADMIN
2025-06-03T18:02:34.260+05:30  INFO 83204 --- [lucidity-circuitbreaker] [Test worker] com.zaxxer.hikari.HikariDataSource       : HikariPool-1 - Start completed.
2025-06-03T18:02:36.265+05:30  INFO 83204 --- [lucidity-circuitbreaker] [Test worker] o.s.b.a.e.web.EndpointLinksResolver      : Exposing 2 endpoints beneath base path '/actuator'
2025-06-03T18:02:36.380+05:30  INFO 83204 --- [lucidity-circuitbreaker] [Test worker] l.LucidityCircuitbreakerApplicationTests : Started LucidityCircuitbreakerApplicationTests in 6.477 seconds (process running for 35.985)
2025-06-03T18:02:36.523+05:30  INFO 83204 --- [lucidity-circuitbreaker] [SpringApplicationShutdownHook] com.zaxxer.hikari.HikariDataSource       : HikariPool-1 - Shutdown initiated...
2025-06-03T18:02:36.527+05:30  INFO 83204 --- [lucidity-circuitbreaker] [SpringApplicationShutdownHook] com.zaxxer.hikari.HikariDataSource       : HikariPool-1 - Shutdown completed.
2025-06-03T18:06:56.171+05:30  INFO 87732 --- [lucidity-circuitbreaker] [Test worker] l.LucidityCircuitbreakerApplicationTests : Starting LucidityCircuitbreakerApplicationTests using Java 17.0.12 with PID 87732 (started by lgane in C:\code-base\lucidity-circuitbreaker)
2025-06-03T18:06:56.173+05:30 DEBUG 87732 --- [lucidity-circuitbreaker] [Test worker] l.LucidityCircuitbreakerApplicationTests : Running with Spring Boot v3.4.6, Spring v6.2.7
2025-06-03T18:06:56.173+05:30  INFO 87732 --- [lucidity-circuitbreaker] [Test worker] l.LucidityCircuitbreakerApplicationTests : No active profile set, falling back to 1 default profile: "default"
2025-06-03T18:06:58.120+05:30  INFO 87732 --- [lucidity-circuitbreaker] [Test worker] .s.d.r.c.RepositoryConfigurationDelegate : Bootstrapping Spring Data JDBC repositories in DEFAULT mode.
2025-06-03T18:06:58.180+05:30  INFO 87732 --- [lucidity-circuitbreaker] [Test worker] .s.d.r.c.RepositoryConfigurationDelegate : Finished Spring Data repository scanning in 50 ms. Found 1 JDBC repository interface.
2025-06-03T18:06:58.582+05:30  INFO 87732 --- [lucidity-circuitbreaker] [Test worker] o.s.cloud.context.scope.GenericScope     : BeanFactory id=3675d848-7b2c-3201-8ac7-cf54c9f26947
2025-06-03T18:06:58.878+05:30  INFO 87732 --- [lucidity-circuitbreaker] [Test worker] c.g.l.config.RuntimeConfigManager        : RuntimeConfigurationManager initialized with values from application.yml {operationTimeDelay=3000, isRandomErrorEnabled=false, timeDelayEnabled=false, currentCB=TimeCB, errorRate=0.5}
2025-06-03T18:06:59.000+05:30  INFO 87732 --- [lucidity-circuitbreaker] [Test worker] com.zaxxer.hikari.HikariDataSource       : HikariPool-1 - Starting...
2025-06-03T18:06:59.401+05:30  INFO 87732 --- [lucidity-circuitbreaker] [Test worker] com.zaxxer.hikari.pool.HikariPool        : HikariPool-1 - Added connection conn0: url=jdbc:h2:file:./data/testdb2 user=ADMIN
2025-06-03T18:06:59.403+05:30  INFO 87732 --- [lucidity-circuitbreaker] [Test worker] com.zaxxer.hikari.HikariDataSource       : HikariPool-1 - Start completed.
2025-06-03T18:07:01.528+05:30  INFO 87732 --- [lucidity-circuitbreaker] [Test worker] o.s.b.a.e.web.EndpointLinksResolver      : Exposing 2 endpoints beneath base path '/actuator'
2025-06-03T18:07:01.637+05:30  INFO 87732 --- [lucidity-circuitbreaker] [Test worker] l.LucidityCircuitbreakerApplicationTests : Started LucidityCircuitbreakerApplicationTests in 6.398 seconds (process running for 35.493)
2025-06-03T18:07:01.776+05:30  INFO 87732 --- [lucidity-circuitbreaker] [SpringApplicationShutdownHook] com.zaxxer.hikari.HikariDataSource       : HikariPool-1 - Shutdown initiated...
2025-06-03T18:07:01.781+05:30  INFO 87732 --- [lucidity-circuitbreaker] [SpringApplicationShutdownHook] com.zaxxer.hikari.HikariDataSource       : HikariPool-1 - Shutdown completed.
2025-06-03T19:31:11.013+05:30  INFO 42724 --- [lucidity-circuitbreaker] [Test worker] l.LucidityCircuitbreakerApplicationTests : Starting LucidityCircuitbreakerApplicationTests using Java 17.0.12 with PID 42724 (started by lgane in C:\code-base\lucidity-circuitbreaker)
2025-06-03T19:31:11.016+05:30 DEBUG 42724 --- [lucidity-circuitbreaker] [Test worker] l.LucidityCircuitbreakerApplicationTests : Running with Spring Boot v3.4.6, Spring v6.2.7
2025-06-03T19:31:11.019+05:30  INFO 42724 --- [lucidity-circuitbreaker] [Test worker] l.LucidityCircuitbreakerApplicationTests : No active profile set, falling back to 1 default profile: "default"
2025-06-03T19:31:13.271+05:30  INFO 42724 --- [lucidity-circuitbreaker] [Test worker] .s.d.r.c.RepositoryConfigurationDelegate : Bootstrapping Spring Data JDBC repositories in DEFAULT mode.
2025-06-03T19:31:13.374+05:30  INFO 42724 --- [lucidity-circuitbreaker] [Test worker] .s.d.r.c.RepositoryConfigurationDelegate : Finished Spring Data repository scanning in 85 ms. Found 1 JDBC repository interface.
2025-06-03T19:31:13.805+05:30  INFO 42724 --- [lucidity-circuitbreaker] [Test worker] o.s.cloud.context.scope.GenericScope     : BeanFactory id=3675d848-7b2c-3201-8ac7-cf54c9f26947
2025-06-03T19:31:14.158+05:30  INFO 42724 --- [lucidity-circuitbreaker] [Test worker] c.g.l.config.RuntimeConfigManager        : RuntimeConfigurationManager initialized with values from application.yml {operationTimeDelay=3000, isRandomErrorEnabled=false, timeDelayEnabled=false, currentCB=TimeCB, errorRate=0.5}
2025-06-03T19:31:14.280+05:30  INFO 42724 --- [lucidity-circuitbreaker] [Test worker] com.zaxxer.hikari.HikariDataSource       : HikariPool-1 - Starting...
2025-06-03T19:31:14.711+05:30  INFO 42724 --- [lucidity-circuitbreaker] [Test worker] com.zaxxer.hikari.pool.HikariPool        : HikariPool-1 - Added connection conn0: url=jdbc:h2:file:./data/testdb2 user=ADMIN
2025-06-03T19:31:14.713+05:30  INFO 42724 --- [lucidity-circuitbreaker] [Test worker] com.zaxxer.hikari.HikariDataSource       : HikariPool-1 - Start completed.
2025-06-03T19:31:16.116+05:30  INFO 42724 --- [lucidity-circuitbreaker] [Test worker] o.s.b.a.e.web.EndpointLinksResolver      : Exposing 2 endpoints beneath base path '/actuator'
2025-06-03T19:31:16.244+05:30  INFO 42724 --- [lucidity-circuitbreaker] [Test worker] l.LucidityCircuitbreakerApplicationTests : Started LucidityCircuitbreakerApplicationTests in 6.133 seconds (process running for 75.98)
2025-06-03T19:31:16.373+05:30  INFO 42724 --- [lucidity-circuitbreaker] [SpringApplicationShutdownHook] com.zaxxer.hikari.HikariDataSource       : HikariPool-1 - Shutdown initiated...
2025-06-03T19:31:16.378+05:30  INFO 42724 --- [lucidity-circuitbreaker] [SpringApplicationShutdownHook] com.zaxxer.hikari.HikariDataSource       : HikariPool-1 - Shutdown completed.
2025-06-03T20:15:12.860+05:30  INFO 101044 --- [lucidity-circuitbreaker] [Test worker] l.LucidityCircuitbreakerApplicationTests : Starting LucidityCircuitbreakerApplicationTests using Java 17.0.12 with PID 101044 (started by lgane in C:\code-base\lucidity-circuitbreaker)
2025-06-03T20:15:12.864+05:30 DEBUG 101044 --- [lucidity-circuitbreaker] [Test worker] l.LucidityCircuitbreakerApplicationTests : Running with Spring Boot v3.4.6, Spring v6.2.7
2025-06-03T20:15:12.865+05:30  INFO 101044 --- [lucidity-circuitbreaker] [Test worker] l.LucidityCircuitbreakerApplicationTests : No active profile set, falling back to 1 default profile: "default"
2025-06-03T20:15:14.973+05:30  INFO 101044 --- [lucidity-circuitbreaker] [Test worker] .s.d.r.c.RepositoryConfigurationDelegate : Bootstrapping Spring Data JDBC repositories in DEFAULT mode.
2025-06-03T20:15:15.101+05:30  INFO 101044 --- [lucidity-circuitbreaker] [Test worker] .s.d.r.c.RepositoryConfigurationDelegate : Finished Spring Data repository scanning in 107 ms. Found 1 JDBC repository interface.
2025-06-03T20:15:15.550+05:30  INFO 101044 --- [lucidity-circuitbreaker] [Test worker] o.s.cloud.context.scope.GenericScope     : BeanFactory id=3675d848-7b2c-3201-8ac7-cf54c9f26947
2025-06-03T20:15:15.984+05:30  INFO 101044 --- [lucidity-circuitbreaker] [Test worker] c.g.l.config.RuntimeConfigManager        : RuntimeConfigurationManager initialized with values from application.yml {operationTimeDelay=3000, isRandomErrorEnabled=false, timeDelayEnabled=false, currentCB=TimeCB, errorRate=0.5}
2025-06-03T20:15:16.115+05:30  INFO 101044 --- [lucidity-circuitbreaker] [Test worker] com.zaxxer.hikari.HikariDataSource       : HikariPool-1 - Starting...
2025-06-03T20:15:16.555+05:30  INFO 101044 --- [lucidity-circuitbreaker] [Test worker] com.zaxxer.hikari.pool.HikariPool        : HikariPool-1 - Added connection conn0: url=jdbc:h2:file:./data/testdb2 user=ADMIN
2025-06-03T20:15:16.557+05:30  INFO 101044 --- [lucidity-circuitbreaker] [Test worker] com.zaxxer.hikari.HikariDataSource       : HikariPool-1 - Start completed.
2025-06-03T20:15:18.180+05:30  INFO 101044 --- [lucidity-circuitbreaker] [Test worker] o.s.b.a.e.web.EndpointLinksResolver      : Exposing 2 endpoints beneath base path '/actuator'
2025-06-03T20:15:18.313+05:30  INFO 101044 --- [lucidity-circuitbreaker] [Test worker] l.LucidityCircuitbreakerApplicationTests : Started LucidityCircuitbreakerApplicationTests in 6.372 seconds (process running for 76.135)
2025-06-03T20:15:18.466+05:30  INFO 101044 --- [lucidity-circuitbreaker] [SpringApplicationShutdownHook] com.zaxxer.hikari.HikariDataSource       : HikariPool-1 - Shutdown initiated...
2025-06-03T20:15:18.472+05:30  INFO 101044 --- [lucidity-circuitbreaker] [SpringApplicationShutdownHook] com.zaxxer.hikari.HikariDataSource       : HikariPool-1 - Shutdown completed.
2025-06-03T20:16:56.547+05:30  INFO 23704 --- [lucidity-circuitbreaker] [Test worker] l.LucidityCircuitbreakerApplicationTests : Starting LucidityCircuitbreakerApplicationTests using Java 17.0.12 with PID 23704 (started by lgane in C:\code-base\lucidity-circuitbreaker)
2025-06-03T20:16:56.550+05:30 DEBUG 23704 --- [lucidity-circuitbreaker] [Test worker] l.LucidityCircuitbreakerApplicationTests : Running with Spring Boot v3.4.6, Spring v6.2.7
2025-06-03T20:16:56.551+05:30  INFO 23704 --- [lucidity-circuitbreaker] [Test worker] l.LucidityCircuitbreakerApplicationTests : No active profile set, falling back to 1 default profile: "default"
2025-06-03T20:16:58.650+05:30  INFO 23704 --- [lucidity-circuitbreaker] [Test worker] .s.d.r.c.RepositoryConfigurationDelegate : Bootstrapping Spring Data JDBC repositories in DEFAULT mode.
2025-06-03T20:16:58.743+05:30  INFO 23704 --- [lucidity-circuitbreaker] [Test worker] .s.d.r.c.RepositoryConfigurationDelegate : Finished Spring Data repository scanning in 76 ms. Found 1 JDBC repository interface.
2025-06-03T20:16:59.213+05:30  INFO 23704 --- [lucidity-circuitbreaker] [Test worker] o.s.cloud.context.scope.GenericScope     : BeanFactory id=3675d848-7b2c-3201-8ac7-cf54c9f26947
2025-06-03T20:16:59.525+05:30  INFO 23704 --- [lucidity-circuitbreaker] [Test worker] c.g.l.config.RuntimeConfigManager        : RuntimeConfigurationManager initialized with values from application.yml {operationTimeDelay=3000, isRandomErrorEnabled=false, timeDelayEnabled=false, currentCB=TimeCB, errorRate=0.5}
2025-06-03T20:16:59.649+05:30  INFO 23704 --- [lucidity-circuitbreaker] [Test worker] com.zaxxer.hikari.HikariDataSource       : HikariPool-1 - Starting...
2025-06-03T20:17:00.079+05:30  INFO 23704 --- [lucidity-circuitbreaker] [Test worker] com.zaxxer.hikari.pool.HikariPool        : HikariPool-1 - Added connection conn0: url=jdbc:h2:file:./data/testdb2 user=ADMIN
2025-06-03T20:17:00.082+05:30  INFO 23704 --- [lucidity-circuitbreaker] [Test worker] com.zaxxer.hikari.HikariDataSource       : HikariPool-1 - Start completed.
2025-06-03T20:17:01.811+05:30  INFO 23704 --- [lucidity-circuitbreaker] [Test worker] o.s.b.a.e.web.EndpointLinksResolver      : Exposing 2 endpoints beneath base path '/actuator'
2025-06-03T20:17:01.952+05:30  INFO 23704 --- [lucidity-circuitbreaker] [Test worker] l.LucidityCircuitbreakerApplicationTests : Started LucidityCircuitbreakerApplicationTests in 6.268 seconds (process running for 76.084)
2025-06-03T20:17:02.102+05:30  INFO 23704 --- [lucidity-circuitbreaker] [SpringApplicationShutdownHook] com.zaxxer.hikari.HikariDataSource       : HikariPool-1 - Shutdown initiated...
2025-06-03T20:17:02.108+05:30  INFO 23704 --- [lucidity-circuitbreaker] [SpringApplicationShutdownHook] com.zaxxer.hikari.HikariDataSource       : HikariPool-1 - Shutdown completed.
